  stdafx.cpp
  base.cpp
base.cpp(71): fatal error C1010: непредвиденный конец файла во время поиска предкомпилированного заголовка. Возможно, вы забыли добавить директиву "#include "stdafx.h"" в источник.
  battleground.cpp
battleground.cpp(436): fatal error C1010: непредвиденный конец файла во время поиска предкомпилированного заголовка. Возможно, вы забыли добавить директиву "#include "stdafx.h"" в источник.
  beton.cpp
beton.cpp(58): fatal error C1010: непредвиденный конец файла во время поиска предкомпилированного заголовка. Возможно, вы забыли добавить директиву "#include "stdafx.h"" в источник.
  block.cpp
block.cpp(18): fatal error C1010: непредвиденный конец файла во время поиска предкомпилированного заголовка. Возможно, вы забыли добавить директиву "#include "stdafx.h"" в источник.
  bonus.cpp
bonus.cpp(95): fatal error C1010: непредвиденный конец файла во время поиска предкомпилированного заголовка. Возможно, вы забыли добавить директиву "#include "stdafx.h"" в источник.
  brick.cpp
brick.cpp(59): fatal error C1010: непредвиденный конец файла во время поиска предкомпилированного заголовка. Возможно, вы забыли добавить директиву "#include "stdafx.h"" в источник.
  bulblock.cpp
bulblock.cpp(26): fatal error C1010: непредвиденный конец файла во время поиска предкомпилированного заголовка. Возможно, вы забыли добавить директиву "#include "stdafx.h"" в источник.
  bullet.cpp
bullet.cpp(251): fatal error C1010: непредвиденный конец файла во время поиска предкомпилированного заголовка. Возможно, вы забыли добавить директиву "#include "stdafx.h"" в источник.
  enemyTank.cpp
enemyTank.cpp(370): fatal error C1010: непредвиденный конец файла во время поиска предкомпилированного заголовка. Возможно, вы забыли добавить директиву "#include "stdafx.h"" в источник.
  GameWinApi.cpp
GameWinApi.cpp(234): fatal error C1010: непредвиденный конец файла во время поиска предкомпилированного заголовка. Возможно, вы забыли добавить директиву "#include "stdafx.h"" в источник.
  iceblock.cpp
iceblock.cpp(34): fatal error C1010: непредвиденный конец файла во время поиска предкомпилированного заголовка. Возможно, вы забыли добавить директиву "#include "stdafx.h"" в источник.
  mask.cpp
mask.cpp(34): fatal error C1010: непредвиденный конец файла во время поиска предкомпилированного заголовка. Возможно, вы забыли добавить директиву "#include "stdafx.h"" в источник.
  mind.cpp
mind.cpp(286): fatal error C1010: непредвиденный конец файла во время поиска предкомпилированного заголовка. Возможно, вы забыли добавить директиву "#include "stdafx.h"" в источник.
  pTank.cpp
pTank.cpp(148): fatal error C1010: непредвиденный конец файла во время поиска предкомпилированного заголовка. Возможно, вы забыли добавить директиву "#include "stdafx.h"" в источник.
  Tank.cpp
Tank.cpp(409): fatal error C1010: непредвиденный конец файла во время поиска предкомпилированного заголовка. Возможно, вы забыли добавить директиву "#include "stdafx.h"" в источник.
  waterblock.cpp
waterblock.cpp(36): fatal error C1010: непредвиденный конец файла во время поиска предкомпилированного заголовка. Возможно, вы забыли добавить директиву "#include "stdafx.h"" в источник.
