d:\my documents\всгуту\2 семестр\gamewinapi\gamewinapi\debug\gamewinapi.pch
d:\my documents\всгуту\2 семестр\gamewinapi\gamewinapi\debug\vc140.pdb
d:\my documents\всгуту\2 семестр\gamewinapi\gamewinapi\debug\vc140.idb
d:\my documents\всгуту\2 семестр\gamewinapi\gamewinapi\debug\stdafx.obj
d:\my documents\всгуту\2 семестр\gamewinapi\gamewinapi\debug\gamewinapi.obj
d:\my documents\всгуту\2 семестр\gamewinapi\gamewinapi\debug\base.obj
d:\my documents\всгуту\2 семестр\gamewinapi\gamewinapi\debug\beton.obj
d:\my documents\всгуту\2 семестр\gamewinapi\gamewinapi\debug\brick.obj
d:\my documents\всгуту\2 семестр\gamewinapi\gamewinapi\debug\bulblock.obj
d:\my documents\всгуту\2 семестр\gamewinapi\gamewinapi\debug\iceblock.obj
d:\my documents\всгуту\2 семестр\gamewinapi\gamewinapi\debug\mask.obj
d:\my documents\всгуту\2 семестр\gamewinapi\gamewinapi\debug\mind.obj
d:\my documents\всгуту\2 семестр\gamewinapi\gamewinapi\debug\waterblock.obj
d:\my documents\всгуту\2 семестр\gamewinapi\gamewinapi\debug\bullet.obj
d:\my documents\всгуту\2 семестр\gamewinapi\gamewinapi\debug\bonus.obj
d:\my documents\всгуту\2 семестр\gamewinapi\gamewinapi\debug\battleground.obj
d:\my documents\всгуту\2 семестр\gamewinapi\gamewinapi\debug\block.obj
d:\my documents\всгуту\2 семестр\gamewinapi\gamewinapi\debug\tank.obj
d:\my documents\всгуту\2 семестр\gamewinapi\gamewinapi\debug\enemytank.obj
d:\my documents\всгуту\2 семестр\gamewinapi\gamewinapi\debug\ptank.obj
d:\my documents\всгуту\2 семестр\gamewinapi\debug\gamewinapi.ilk
d:\my documents\всгуту\2 семестр\gamewinapi\debug\gamewinapi.exe
d:\my documents\всгуту\2 семестр\gamewinapi\debug\gamewinapi.pdb
d:\my documents\всгуту\2 семестр\gamewinapi\gamewinapi\debug\gamewinapi.res
d:\my documents\всгуту\2 семестр\gamewinapi\gamewinapi\debug\gamewinapi.tlog\cl.command.1.tlog
d:\my documents\всгуту\2 семестр\gamewinapi\gamewinapi\debug\gamewinapi.tlog\cl.read.1.tlog
d:\my documents\всгуту\2 семестр\gamewinapi\gamewinapi\debug\gamewinapi.tlog\cl.write.1.tlog
d:\my documents\всгуту\2 семестр\gamewinapi\gamewinapi\debug\gamewinapi.tlog\link.command.1.tlog
d:\my documents\всгуту\2 семестр\gamewinapi\gamewinapi\debug\gamewinapi.tlog\link.read.1.tlog
d:\my documents\всгуту\2 семестр\gamewinapi\gamewinapi\debug\gamewinapi.tlog\link.write.1.tlog
d:\my documents\всгуту\2 семестр\gamewinapi\gamewinapi\debug\gamewinapi.tlog\rc.command.1.tlog
d:\my documents\всгуту\2 семестр\gamewinapi\gamewinapi\debug\gamewinapi.tlog\rc.read.1.tlog
d:\my documents\всгуту\2 семестр\gamewinapi\gamewinapi\debug\gamewinapi.tlog\rc.write.1.tlog
